<?xml version="1.0" encoding="UTF-8"?>
<testng-results ignored="0" total="1" passed="1" failed="0" skipped="0">
  <reporter-output>
  </reporter-output>
  <suite started-at="2026-04-12T16:27:33 IST" name="Default suite" finished-at="2026-04-12T16:27:38 IST" duration-ms="4261">
    <groups>
    </groups>
    <test started-at="2026-04-12T16:27:33 IST" name="Default test" finished-at="2026-04-12T16:27:38 IST" duration-ms="4261">
      <class name="tests.LoginTest">
        <test-method is-config="true" signature="setup(java.lang.reflect.Method)[pri:0, instance:tests.LoginTest@765d7657]" started-at="2026-04-12T16:27:34 IST" name="setup" finished-at="2026-04-12T16:27:37 IST" duration-ms="3001" status="PASS">
          <params>
            <param index="0">
              <value>
                <![CDATA[public void tests.LoginTest.loginTest()]]>
              </value>
            </param>
          </params>
          <reporter-output>
          </reporter-output>
        </test-method> <!-- setup -->
        <test-method signature="loginTest()[pri:0, instance:tests.LoginTest@765d7657]" started-at="2026-04-12T16:27:37 IST" name="loginTest" finished-at="2026-04-12T16:27:37 IST" duration-ms="381" status="PASS">
          <reporter-output>
          </reporter-output>
        </test-method> <!-- loginTest -->
        <test-method is-config="true" signature="teardown(org.testng.ITestResult)[pri:0, instance:tests.LoginTest@765d7657]" started-at="2026-04-12T16:27:37 IST" name="teardown" finished-at="2026-04-12T16:27:38 IST" duration-ms="819" status="PASS">
          <params>
            <param index="0">
              <value>
                <![CDATA[[TestResult name=loginTest status=SUCCESS method=LoginTest.loginTest()[pri:0, instance:tests.LoginTest@765d7657] output={null}]]]>
              </value>
            </param>
          </params>
          <reporter-output>
          </reporter-output>
        </test-method> <!-- teardown -->
      </class> <!-- tests.LoginTest -->
    </test> <!-- Default test -->
  </suite> <!-- Default suite -->
</testng-results>
